# JRE version: Java(TM) SE Runtime Environment (7.0_55-b13) (build 1.7.0_55-b13)
# Java VM: Java HotSpot(TM) Client VM (24.55-b03 mixed mode linux-x86 )
Heap
 def new generation   total 77184K, used 11732K [0xa0980000, 0xa5d30000, 0xa5ed0000)
  eden space 68672K,  17% used [0xa0980000, 0xa14f51f8, 0xa4c90000)
  from space 8512K,   0% used [0xa4c90000, 0xa4c90000, 0xa54e0000)
  to   space 8512K,   0% used [0xa54e0000, 0xa54e0000, 0xa5d30000)
 tenured generation   total 171204K, used 102720K [0xa5ed0000, 0xb0601000, 0xb0980000)
   the space 171204K,  59% used [0xa5ed0000, 0xac3203c8, 0xac320400, 0xb0601000)
 compacting perm gen  total 65280K, used 65109K [0xb0980000, 0xb4940000, 0xb4980000)
   the space 65280K,  99% used [0xb0980000, 0xb4915478, 0xb4915600, 0xb4940000)
GC Heap History (10 events):
Event: 287.269 GC heap before
{Heap before GC invocations=57 (full 15):
 def new generation   total 71424K, used 66793K [0xa0980000, 0xa56f0000, 0xa5ed0000)
  eden space 63552K, 100% used [0xa0980000, 0xa4790000, 0xa4790000)
  from space 7872K,  41% used [0xa4f40000, 0xa526a618, 0xa56f0000)
  to   space 7872K,   0% used [0xa4790000, 0xa4790000, 0xa4f40000)
 tenured generation   total 158512K, used 117936K [0xa5ed0000, 0xaf99c000, 0xb0980000)
   the space 158512K,  74% used [0xa5ed0000, 0xad1fc298, 0xad1fc400, 0xaf99c000)
 compacting perm gen  total 62976K, used 62740K [0xb0980000, 0xb4700000, 0xb4980000)
   the space 62976K,  99% used [0xb0980000, 0xb46c50b0, 0xb46c5200, 0xb4700000)
No shared spaces configured.
Event: 287.293 GC heap after
Heap after GC invocations=58 (full 15):
 def new generation   total 71424K, used 4374K [0xa0980000, 0xa56f0000, 0xa5ed0000)
  eden space 63552K,   0% used [0xa0980000, 0xa0980000, 0xa4790000)
  from space 7872K,  55% used [0xa4790000, 0xa4bd5910, 0xa4f40000)
  to   space 7872K,   0% used [0xa4f40000, 0xa4f40000, 0xa56f0000)
 tenured generation   total 158512K, used 117936K [0xa5ed0000, 0xaf99c000, 0xb0980000)
   the space 158512K,  74% used [0xa5ed0000, 0xad1fc298, 0xad1fc400, 0xaf99c000)
 compacting perm gen  total 62976K, used 62740K [0xb0980000, 0xb4700000, 0xb4980000)
   the space 62976K,  99% used [0xb0980000, 0xb46c50b0, 0xb46c5200, 0xb4700000)
No shared spaces configured.
}
Event: 287.552 GC heap before
{Heap before GC invocations=58 (full 15):
 def new generation   total 71424K, used 67926K [0xa0980000, 0xa56f0000, 0xa5ed0000)
  eden space 63552K, 100% used [0xa0980000, 0xa4790000, 0xa4790000)
  from space 7872K,  55% used [0xa4790000, 0xa4bd5910, 0xa4f40000)
  to   space 7872K,   0% used [0xa4f40000, 0xa4f40000, 0xa56f0000)
 tenured generation   total 158512K, used 117936K [0xa5ed0000, 0xaf99c000, 0xb0980000)
   the space 158512K,  74% used [0xa5ed0000, 0xad1fc298, 0xad1fc400, 0xaf99c000)
 compacting perm gen  total 62976K, used 62740K [0xb0980000, 0xb4700000, 0xb4980000)
   the space 62976K,  99% used [0xb0980000, 0xb46c5170, 0xb46c5200, 0xb4700000)
No shared spaces configured.
Event: 287.563 GC heap after
Heap after GC invocations=59 (full 15):
 def new generation   total 71424K, used 3934K [0xa0980000, 0xa56f0000, 0xa5ed0000)
  eden space 63552K,   0% used [0xa0980000, 0xa0980000, 0xa4790000)
  from space 7872K,  49% used [0xa4f40000, 0xa5317880, 0xa56f0000)
  to   space 7872K,   0% used [0xa4790000, 0xa4790000, 0xa4f40000)
 tenured generation   total 158512K, used 118424K [0xa5ed0000, 0xaf99c000, 0xb0980000)
   the space 158512K,  74% used [0xa5ed0000, 0xad276380, 0xad276400, 0xaf99c000)
 compacting perm gen  total 62976K, used 62740K [0xb0980000, 0xb4700000, 0xb4980000)
   the space 62976K,  99% used [0xb0980000, 0xb46c5170, 0xb46c5200, 0xb4700000)
No shared spaces configured.
}
Event: 289.457 GC heap before
{Heap before GC invocations=59 (full 15):
 def new generation   total 71424K, used 66516K [0xa0980000, 0xa56f0000, 0xa5ed0000)
  eden space 63552K,  98% used [0xa0980000, 0xa469da90, 0xa4790000)
  from space 7872K,  49% used [0xa4f40000, 0xa5317880, 0xa56f0000)
  to   space 7872K,   0% used [0xa4790000, 0xa4790000, 0xa4f40000)
 tenured generation   total 158512K, used 118424K [0xa5ed0000, 0xaf99c000, 0xb0980000)
   the space 158512K,  74% used [0xa5ed0000, 0xad276380, 0xad276400, 0xaf99c000)
 compacting perm gen  total 62976K, used 62975K [0xb0980000, 0xb4700000, 0xb4980000)
   the space 62976K,  99% used [0xb0980000, 0xb46fff70, 0xb4700000, 0xb4700000)
No shared spaces configured.
Event: 289.907 GC heap after
Heap after GC invocations=60 (full 16):
 def new generation   total 72832K, used 0K [0xa0980000, 0xa5880000, 0xa5ed0000)
  eden space 64768K,   0% used [0xa0980000, 0xa0980000, 0xa48c0000)
  from space 8064K,   0% used [0xa48c0000, 0xa48c0000, 0xa50a0000)
  to   space 8064K,   0% used [0xa50a0000, 0xa50a0000, 0xa5880000)
 tenured generation   total 161708K, used 97022K [0xa5ed0000, 0xafcbb000, 0xb0980000)
   the space 161708K,  59% used [0xa5ed0000, 0xabd8fa28, 0xabd8fc00, 0xafcbb000)
 compacting perm gen  total 62976K, used 62918K [0xb0980000, 0xb4700000, 0xb4980000)
   the space 62976K,  99% used [0xb0980000, 0xb46f1910, 0xb46f1a00, 0xb4700000)
No shared spaces configured.
}
Event: 292.633 GC heap before
{Heap before GC invocations=60 (full 16):
 def new generation   total 72832K, used 64768K [0xa0980000, 0xa5880000, 0xa5ed0000)
  eden space 64768K, 100% used [0xa0980000, 0xa48c0000, 0xa48c0000)
  from space 8064K,   0% used [0xa48c0000, 0xa48c0000, 0xa50a0000)
  to   space 8064K,   0% used [0xa50a0000, 0xa50a0000, 0xa5880000)
 tenured generation   total 161708K, used 97022K [0xa5ed0000, 0xafcbb000, 0xb0980000)
   the space 161708K,  59% used [0xa5ed0000, 0xabd8fa28, 0xabd8fc00, 0xafcbb000)
 compacting perm gen  total 63232K, used 62980K [0xb0980000, 0xb4740000, 0xb4980000)
   the space 63232K,  99% used [0xb0980000, 0xb4701000, 0xb4701000, 0xb4740000)
No shared spaces configured.
Event: 292.647 GC heap after
Heap after GC invocations=61 (full 16):
 def new generation   total 72832K, used 2098K [0xa0980000, 0xa5880000, 0xa5ed0000)
  eden space 64768K,   0% used [0xa0980000, 0xa0980000, 0xa48c0000)
  from space 8064K,  26% used [0xa50a0000, 0xa52aca78, 0xa5880000)
  to   space 8064K,   0% used [0xa48c0000, 0xa48c0000, 0xa50a0000)
 tenured generation   total 161708K, used 97022K [0xa5ed0000, 0xafcbb000, 0xb0980000)
   the space 161708K,  59% used [0xa5ed0000, 0xabd8fa28, 0xabd8fc00, 0xafcbb000)
 compacting perm gen  total 63232K, used 62980K [0xb0980000, 0xb4740000, 0xb4980000)
   the space 63232K,  99% used [0xb0980000, 0xb4701000, 0xb4701000, 0xb4740000)
No shared spaces configured.
}
Event: 313.755 GC heap before
{Heap before GC invocations=61 (full 16):
 def new generation   total 72832K, used 60126K [0xa0980000, 0xa5880000, 0xa5ed0000)
  eden space 64768K,  89% used [0xa0980000, 0xa422afd8, 0xa48c0000)
  from space 8064K,  26% used [0xa50a0000, 0xa52aca78, 0xa5880000)
  to   space 8064K,   0% used [0xa48c0000, 0xa48c0000, 0xa50a0000)
 tenured generation   total 161708K, used 97022K [0xa5ed0000, 0xafcbb000, 0xb0980000)
   the space 161708K,  59% used [0xa5ed0000, 0xabd8fa28, 0xabd8fc00, 0xafcbb000)
 compacting perm gen  total 64768K, used 64530K [0xb0980000, 0xb48c0000, 0xb4980000)
   the space 64768K,  99% used [0xb0980000, 0xb4884bd8, 0xb4884c00, 0xb48c0000)
No shared spaces configured.
Event: 314.126 GC heap after
Heap after GC invocations=62 (full 17):
 def new generation   total 77184K, used 0K [0xa0980000, 0xa5d30000, 0xa5ed0000)
  eden space 68672K,   0% used [0xa0980000, 0xa0980000, 0xa4c90000)
  from space 8512K,   0% used [0xa4c90000, 0xa4c90000, 0xa54e0000)
  to   space 8512K,   0% used [0xa54e0000, 0xa54e0000, 0xa5d30000)
 tenured generation   total 171204K, used 102720K [0xa5ed0000, 0xb0601000, 0xb0980000)
   the space 171204K,  59% used [0xa5ed0000, 0xac3203c8, 0xac320400, 0xb0601000)
 compacting perm gen  total 64768K, used 64530K [0xb0980000, 0xb48c0000, 0xb4980000)
   the space 64768K,  99% used [0xb0980000, 0xb4884bd8, 0xb4884c00, 0xb48c0000)
No shared spaces configured.
}

