# JRE version: Java(TM) SE Runtime Environment (7.0_55-b13) (build 1.7.0_55-b13)
# Java VM: Java HotSpot(TM) Client VM (24.55-b03 mixed mode linux-x86 )
Heap
 def new generation   total 78656K, used 71318K [0xa0960000, 0xa5eb0000, 0xa5eb0000)
  eden space 69952K,  96% used [0xa0960000, 0xa4b537e0, 0xa4db0000)
  from space 8704K,  43% used [0xa5630000, 0xa59e2198, 0xa5eb0000)
  to   space 8704K,   0% used [0xa4db0000, 0xa4db0000, 0xa5630000)
 tenured generation   total 174784K, used 112570K [0xa5eb0000, 0xb0960000, 0xb0960000)
   the space 174784K,  64% used [0xa5eb0000, 0xacc9e828, 0xacc9ea00, 0xb0960000)
 compacting perm gen  total 65024K, used 64848K [0xb0960000, 0xb48e0000, 0xb4960000)
   the space 65024K,  99% used [0xb0960000, 0xb48b4140, 0xb48b4200, 0xb48e0000)
GC Heap History (10 events):
Event: 37.846 GC heap before
{Heap before GC invocations=50 (full 15):
 def new generation   total 78656K, used 69952K [0xa0960000, 0xa5eb0000, 0xa5eb0000)
  eden space 69952K, 100% used [0xa0960000, 0xa4db0000, 0xa4db0000)
  from space 8704K,   0% used [0xa4db0000, 0xa4db0000, 0xa5630000)
  to   space 8704K,   0% used [0xa5630000, 0xa5630000, 0xa5eb0000)
 tenured generation   total 174784K, used 112165K [0xa5eb0000, 0xb0960000, 0xb0960000)
   the space 174784K,  64% used [0xa5eb0000, 0xacc39520, 0xacc39600, 0xb0960000)
 compacting perm gen  total 61952K, used 61897K [0xb0960000, 0xb45e0000, 0xb4960000)
   the space 61952K,  99% used [0xb0960000, 0xb45d27d0, 0xb45d2800, 0xb45e0000)
No shared spaces configured.
Event: 37.855 GC heap after
Heap after GC invocations=51 (full 15):
 def new generation   total 78656K, used 2209K [0xa0960000, 0xa5eb0000, 0xa5eb0000)
  eden space 69952K,   0% used [0xa0960000, 0xa0960000, 0xa4db0000)
  from space 8704K,  25% used [0xa5630000, 0xa58587b0, 0xa5eb0000)
  to   space 8704K,   0% used [0xa4db0000, 0xa4db0000, 0xa5630000)
 tenured generation   total 174784K, used 112165K [0xa5eb0000, 0xb0960000, 0xb0960000)
   the space 174784K,  64% used [0xa5eb0000, 0xacc39520, 0xacc39600, 0xb0960000)
 compacting perm gen  total 61952K, used 61897K [0xb0960000, 0xb45e0000, 0xb4960000)
   the space 61952K,  99% used [0xb0960000, 0xb45d27d0, 0xb45d2800, 0xb45e0000)
No shared spaces configured.
}
Event: 38.220 GC heap before
{Heap before GC invocations=51 (full 15):
 def new generation   total 78656K, used 72161K [0xa0960000, 0xa5eb0000, 0xa5eb0000)
  eden space 69952K, 100% used [0xa0960000, 0xa4db0000, 0xa4db0000)
  from space 8704K,  25% used [0xa5630000, 0xa58587b0, 0xa5eb0000)
  to   space 8704K,   0% used [0xa4db0000, 0xa4db0000, 0xa5630000)
 tenured generation   total 174784K, used 112165K [0xa5eb0000, 0xb0960000, 0xb0960000)
   the space 174784K,  64% used [0xa5eb0000, 0xacc39520, 0xacc39600, 0xb0960000)
 compacting perm gen  total 62208K, used 62097K [0xb0960000, 0xb4620000, 0xb4960000)
   the space 62208K,  99% used [0xb0960000, 0xb4604780, 0xb4604800, 0xb4620000)
No shared spaces configured.
Event: 38.232 GC heap after
Heap after GC invocations=52 (full 15):
 def new generation   total 78656K, used 3466K [0xa0960000, 0xa5eb0000, 0xa5eb0000)
  eden space 69952K,   0% used [0xa0960000, 0xa0960000, 0xa4db0000)
  from space 8704K,  39% used [0xa4db0000, 0xa5112870, 0xa5630000)
  to   space 8704K,   0% used [0xa5630000, 0xa5630000, 0xa5eb0000)
 tenured generation   total 174784K, used 112165K [0xa5eb0000, 0xb0960000, 0xb0960000)
   the space 174784K,  64% used [0xa5eb0000, 0xacc39520, 0xacc39600, 0xb0960000)
 compacting perm gen  total 62208K, used 62097K [0xb0960000, 0xb4620000, 0xb4960000)
   the space 62208K,  99% used [0xb0960000, 0xb4604780, 0xb4604800, 0xb4620000)
No shared spaces configured.
}
Event: 38.810 GC heap before
{Heap before GC invocations=52 (full 15):
 def new generation   total 78656K, used 73418K [0xa0960000, 0xa5eb0000, 0xa5eb0000)
  eden space 69952K, 100% used [0xa0960000, 0xa4db0000, 0xa4db0000)
  from space 8704K,  39% used [0xa4db0000, 0xa5112870, 0xa5630000)
  to   space 8704K,   0% used [0xa5630000, 0xa5630000, 0xa5eb0000)
 tenured generation   total 174784K, used 112165K [0xa5eb0000, 0xb0960000, 0xb0960000)
   the space 174784K,  64% used [0xa5eb0000, 0xacc39520, 0xacc39600, 0xb0960000)
 compacting perm gen  total 62976K, used 62843K [0xb0960000, 0xb46e0000, 0xb4960000)
   the space 62976K,  99% used [0xb0960000, 0xb46bed60, 0xb46bee00, 0xb46e0000)
No shared spaces configured.
Event: 38.828 GC heap after
Heap after GC invocations=53 (full 15):
 def new generation   total 78656K, used 4542K [0xa0960000, 0xa5eb0000, 0xa5eb0000)
  eden space 69952K,   0% used [0xa0960000, 0xa0960000, 0xa4db0000)
  from space 8704K,  52% used [0xa5630000, 0xa5a9fa40, 0xa5eb0000)
  to   space 8704K,   0% used [0xa4db0000, 0xa4db0000, 0xa5630000)
 tenured generation   total 174784K, used 112165K [0xa5eb0000, 0xb0960000, 0xb0960000)
   the space 174784K,  64% used [0xa5eb0000, 0xacc39520, 0xacc39600, 0xb0960000)
 compacting perm gen  total 62976K, used 62843K [0xb0960000, 0xb46e0000, 0xb4960000)
   the space 62976K,  99% used [0xb0960000, 0xb46bed60, 0xb46bee00, 0xb46e0000)
No shared spaces configured.
}
Event: 39.226 GC heap before
{Heap before GC invocations=53 (full 15):
 def new generation   total 78656K, used 74494K [0xa0960000, 0xa5eb0000, 0xa5eb0000)
  eden space 69952K, 100% used [0xa0960000, 0xa4db0000, 0xa4db0000)
  from space 8704K,  52% used [0xa5630000, 0xa5a9fa40, 0xa5eb0000)
  to   space 8704K,   0% used [0xa4db0000, 0xa4db0000, 0xa5630000)
 tenured generation   total 174784K, used 112165K [0xa5eb0000, 0xb0960000, 0xb0960000)
   the space 174784K,  64% used [0xa5eb0000, 0xacc39520, 0xacc39600, 0xb0960000)
 compacting perm gen  total 62976K, used 62843K [0xb0960000, 0xb46e0000, 0xb4960000)
   the space 62976K,  99% used [0xb0960000, 0xb46bedf0, 0xb46bee00, 0xb46e0000)
No shared spaces configured.
Event: 39.243 GC heap after
Heap after GC invocations=54 (full 15):
 def new generation   total 78656K, used 4260K [0xa0960000, 0xa5eb0000, 0xa5eb0000)
  eden space 69952K,   0% used [0xa0960000, 0xa0960000, 0xa4db0000)
  from space 8704K,  48% used [0xa4db0000, 0xa51d9358, 0xa5630000)
  to   space 8704K,   0% used [0xa5630000, 0xa5630000, 0xa5eb0000)
 tenured generation   total 174784K, used 112570K [0xa5eb0000, 0xb0960000, 0xb0960000)
   the space 174784K,  64% used [0xa5eb0000, 0xacc9e828, 0xacc9ea00, 0xb0960000)
 compacting perm gen  total 62976K, used 62843K [0xb0960000, 0xb46e0000, 0xb4960000)
   the space 62976K,  99% used [0xb0960000, 0xb46bedf0, 0xb46bee00, 0xb46e0000)
No shared spaces configured.
}
Event: 39.562 GC heap before
{Heap before GC invocations=54 (full 15):
 def new generation   total 78656K, used 74212K [0xa0960000, 0xa5eb0000, 0xa5eb0000)
  eden space 69952K, 100% used [0xa0960000, 0xa4db0000, 0xa4db0000)
  from space 8704K,  48% used [0xa4db0000, 0xa51d9358, 0xa5630000)
  to   space 8704K,   0% used [0xa5630000, 0xa5630000, 0xa5eb0000)
 tenured generation   total 174784K, used 112570K [0xa5eb0000, 0xb0960000, 0xb0960000)
   the space 174784K,  64% used [0xa5eb0000, 0xacc9e828, 0xacc9ea00, 0xb0960000)
 compacting perm gen  total 62976K, used 62882K [0xb0960000, 0xb46e0000, 0xb4960000)
   the space 62976K,  99% used [0xb0960000, 0xb46c8888, 0xb46c8a00, 0xb46e0000)
No shared spaces configured.
Event: 39.576 GC heap after
Heap after GC invocations=55 (full 15):
 def new generation   total 78656K, used 3784K [0xa0960000, 0xa5eb0000, 0xa5eb0000)
  eden space 69952K,   0% used [0xa0960000, 0xa0960000, 0xa4db0000)
  from space 8704K,  43% used [0xa5630000, 0xa59e2198, 0xa5eb0000)
  to   space 8704K,   0% used [0xa4db0000, 0xa4db0000, 0xa5630000)
 tenured generation   total 174784K, used 112570K [0xa5eb0000, 0xb0960000, 0xb0960000)
   the space 174784K,  64% used [0xa5eb0000, 0xacc9e828, 0xacc9ea00, 0xb0960000)
 compacting perm gen  total 62976K, used 62882K [0xb0960000, 0xb46e0000, 0xb4960000)
   the space 62976K,  99% used [0xb0960000, 0xb46c8888, 0xb46c8a00, 0xb46e0000)
No shared spaces configured.
}

