-------------------------------------------------------------------------------
Test set: gae_store_space.PageKindTest
-------------------------------------------------------------------------------
Tests run: 5, Failures: 0, Errors: 2, Skipped: 0, Time elapsed: 1.483 sec <<< FAILURE!
testGetDistribution(gae_store_space.PageKindTest)  Time elapsed: 1 sec  <<< ERROR!
java.lang.IllegalArgumentException: transactions on multiple entity groups only allowed in High Replication applications
	at com.google.appengine.api.datastore.DatastoreApiHelper.translateError(DatastoreApiHelper.java:45)
	at com.google.appengine.api.datastore.DatastoreApiHelper$AsyncCallWrapper.convertException(DatastoreApiHelper.java:74)
	at com.google.appengine.api.utils.FutureWrapper.get(FutureWrapper.java:96)
	at com.google.appengine.api.datastore.FutureHelper.getInternal(FutureHelper.java:71)
	at com.google.appengine.api.datastore.FutureHelper.quietGet(FutureHelper.java:32)
	at com.google.appengine.api.datastore.InternalTransactionV3.getHandle(InternalTransactionV3.java:43)
	at com.google.appengine.api.datastore.InternalTransactionV3.getId(InternalTransactionV3.java:81)
	at com.google.appengine.api.datastore.TransactionImpl.getId(TransactionImpl.java:106)
	at com.google.appengine.api.datastore.InternalTransactionV3.localTxnToRemoteTxn(InternalTransactionV3.java:106)
	at com.google.appengine.api.datastore.AsyncDatastoreServiceImpl.doBatchPut(AsyncDatastoreServiceImpl.java:361)
	at com.google.appengine.api.datastore.BaseAsyncDatastoreServiceImpl.put(BaseAsyncDatastoreServiceImpl.java:293)
	at com.googlecode.objectify.impl.WriteEngine.save(WriteEngine.java:81)
	at com.googlecode.objectify.impl.SaverImpl.entities(SaverImpl.java:60)
	at com.googlecode.objectify.impl.SaverImpl.entity(SaverImpl.java:35)
	at gae_store_space.PageKind$1.run(PageKind.java:183)
	at gae_store_space.PageKind$1.run(PageKind.java:181)
	at com.googlecode.objectify.impl.TransactorNo.transactOnce(TransactorNo.java:118)
	at com.googlecode.objectify.impl.TransactorNo.transactNew(TransactorNo.java:95)
	at com.googlecode.objectify.impl.ObjectifyImpl.transactNew(ObjectifyImpl.java:194)
	at gae_store_space.queries.GAEStoreAccessManager.firstPersist(GAEStoreAccessManager.java:101)
	at gae_store_space.PageKind.createPageIfNotExist_strongCons_maybe(PageKind.java:193)
	at gae_store_space.AppInstance.createOrRecreatePage(AppInstance.java:61)
	at gae_store_space.PageKindTest.buildContentPage(PageKindTest.java:56)
	at gae_store_space.PageKindTest.testGetDistribution(PageKindTest.java:79)
	at sun.reflect.NativeMethodAccessorImpl.invoke0(Native Method)
	at sun.reflect.NativeMethodAccessorImpl.invoke(NativeMethodAccessorImpl.java:57)
	at sun.reflect.DelegatingMethodAccessorImpl.invoke(DelegatingMethodAccessorImpl.java:43)
	at java.lang.reflect.Method.invoke(Method.java:606)
	at org.junit.internal.runners.TestMethod.invoke(TestMethod.java:59)
	at org.junit.internal.runners.MethodRoadie.runTestMethod(MethodRoadie.java:98)
	at org.junit.internal.runners.MethodRoadie$2.run(MethodRoadie.java:79)
	at org.junit.internal.runners.MethodRoadie.runBeforesThenTestThenAfters(MethodRoadie.java:87)
	at org.junit.internal.runners.MethodRoadie.runTest(MethodRoadie.java:77)
	at org.junit.internal.runners.MethodRoadie.run(MethodRoadie.java:42)
	at org.junit.internal.runners.JUnit4ClassRunner.invokeTestMethod(JUnit4ClassRunner.java:88)
	at org.junit.internal.runners.JUnit4ClassRunner.runMethods(JUnit4ClassRunner.java:51)
	at org.junit.internal.runners.JUnit4ClassRunner$1.run(JUnit4ClassRunner.java:44)
	at org.junit.internal.runners.ClassRoadie.runUnprotected(ClassRoadie.java:27)
	at org.junit.internal.runners.ClassRoadie.runProtected(ClassRoadie.java:37)
	at org.junit.internal.runners.JUnit4ClassRunner.run(JUnit4ClassRunner.java:42)
	at org.apache.maven.surefire.junit4.JUnit4Provider.execute(JUnit4Provider.java:252)
	at org.apache.maven.surefire.junit4.JUnit4Provider.executeTestSet(JUnit4Provider.java:141)
	at org.apache.maven.surefire.junit4.JUnit4Provider.invoke(JUnit4Provider.java:112)
	at sun.reflect.NativeMethodAccessorImpl.invoke0(Native Method)
	at sun.reflect.NativeMethodAccessorImpl.invoke(NativeMethodAccessorImpl.java:57)
	at sun.reflect.DelegatingMethodAccessorImpl.invoke(DelegatingMethodAccessorImpl.java:43)
	at java.lang.reflect.Method.invoke(Method.java:606)
	at org.apache.maven.surefire.util.ReflectionUtils.invokeMethodWithArray(ReflectionUtils.java:189)
	at org.apache.maven.surefire.booter.ProviderFactory$ProviderProxy.invoke(ProviderFactory.java:165)
	at org.apache.maven.surefire.booter.ProviderFactory.invokeProvider(ProviderFactory.java:85)
	at org.apache.maven.surefire.booter.ForkedBooter.runSuitesInProcess(ForkedBooter.java:115)
	at org.apache.maven.surefire.booter.ForkedBooter.main(ForkedBooter.java:75)

testCreateAndPersist(gae_store_space.PageKindTest)  Time elapsed: 0.436 sec  <<< ERROR!
java.lang.IllegalArgumentException: transactions on multiple entity groups only allowed in High Replication applications
	at com.google.appengine.api.datastore.DatastoreApiHelper.translateError(DatastoreApiHelper.java:45)
	at com.google.appengine.api.datastore.DatastoreApiHelper$AsyncCallWrapper.convertException(DatastoreApiHelper.java:74)
	at com.google.appengine.api.utils.FutureWrapper.get(FutureWrapper.java:96)
	at com.google.appengine.api.datastore.FutureHelper.getInternal(FutureHelper.java:71)
	at com.google.appengine.api.datastore.FutureHelper.quietGet(FutureHelper.java:32)
	at com.google.appengine.api.datastore.InternalTransactionV3.getHandle(InternalTransactionV3.java:43)
	at com.google.appengine.api.datastore.InternalTransactionV3.getId(InternalTransactionV3.java:81)
	at com.google.appengine.api.datastore.TransactionImpl.getId(TransactionImpl.java:106)
	at com.google.appengine.api.datastore.InternalTransactionV3.localTxnToRemoteTxn(InternalTransactionV3.java:106)
	at com.google.appengine.api.datastore.AsyncDatastoreServiceImpl.doBatchPut(AsyncDatastoreServiceImpl.java:361)
	at com.google.appengine.api.datastore.BaseAsyncDatastoreServiceImpl.put(BaseAsyncDatastoreServiceImpl.java:293)
	at com.googlecode.objectify.impl.WriteEngine.save(WriteEngine.java:81)
	at com.googlecode.objectify.impl.SaverImpl.entities(SaverImpl.java:60)
	at com.googlecode.objectify.impl.SaverImpl.entity(SaverImpl.java:35)
	at gae_store_space.PageKind$1.run(PageKind.java:183)
	at gae_store_space.PageKind$1.run(PageKind.java:181)
	at com.googlecode.objectify.impl.TransactorNo.transactOnce(TransactorNo.java:118)
	at com.googlecode.objectify.impl.TransactorNo.transactNew(TransactorNo.java:95)
	at com.googlecode.objectify.impl.ObjectifyImpl.transactNew(ObjectifyImpl.java:194)
	at gae_store_space.queries.GAEStoreAccessManager.firstPersist(GAEStoreAccessManager.java:101)
	at gae_store_space.PageKind.createPageIfNotExist_strongCons_maybe(PageKind.java:193)
	at gae_store_space.AppInstance.createOrRecreatePage(AppInstance.java:61)
	at gae_store_space.PageKindTest.buildContentPage(PageKindTest.java:56)
	at gae_store_space.PageKindTest.testCreateAndPersist(PageKindTest.java:71)
	at sun.reflect.NativeMethodAccessorImpl.invoke0(Native Method)
	at sun.reflect.NativeMethodAccessorImpl.invoke(NativeMethodAccessorImpl.java:57)
	at sun.reflect.DelegatingMethodAccessorImpl.invoke(DelegatingMethodAccessorImpl.java:43)
	at java.lang.reflect.Method.invoke(Method.java:606)
	at org.junit.internal.runners.TestMethod.invoke(TestMethod.java:59)
	at org.junit.internal.runners.MethodRoadie.runTestMethod(MethodRoadie.java:98)
	at org.junit.internal.runners.MethodRoadie$2.run(MethodRoadie.java:79)
	at org.junit.internal.runners.MethodRoadie.runBeforesThenTestThenAfters(MethodRoadie.java:87)
	at org.junit.internal.runners.MethodRoadie.runTest(MethodRoadie.java:77)
	at org.junit.internal.runners.MethodRoadie.run(MethodRoadie.java:42)
	at org.junit.internal.runners.JUnit4ClassRunner.invokeTestMethod(JUnit4ClassRunner.java:88)
	at org.junit.internal.runners.JUnit4ClassRunner.runMethods(JUnit4ClassRunner.java:51)
	at org.junit.internal.runners.JUnit4ClassRunner$1.run(JUnit4ClassRunner.java:44)
	at org.junit.internal.runners.ClassRoadie.runUnprotected(ClassRoadie.java:27)
	at org.junit.internal.runners.ClassRoadie.runProtected(ClassRoadie.java:37)
	at org.junit.internal.runners.JUnit4ClassRunner.run(JUnit4ClassRunner.java:42)
	at org.apache.maven.surefire.junit4.JUnit4Provider.execute(JUnit4Provider.java:252)
	at org.apache.maven.surefire.junit4.JUnit4Provider.executeTestSet(JUnit4Provider.java:141)
	at org.apache.maven.surefire.junit4.JUnit4Provider.invoke(JUnit4Provider.java:112)
	at sun.reflect.NativeMethodAccessorImpl.invoke0(Native Method)
	at sun.reflect.NativeMethodAccessorImpl.invoke(NativeMethodAccessorImpl.java:57)
	at sun.reflect.DelegatingMethodAccessorImpl.invoke(DelegatingMethodAccessorImpl.java:43)
	at java.lang.reflect.Method.invoke(Method.java:606)
	at org.apache.maven.surefire.util.ReflectionUtils.invokeMethodWithArray(ReflectionUtils.java:189)
	at org.apache.maven.surefire.booter.ProviderFactory$ProviderProxy.invoke(ProviderFactory.java:165)
	at org.apache.maven.surefire.booter.ProviderFactory.invokeProvider(ProviderFactory.java:85)
	at org.apache.maven.surefire.booter.ForkedBooter.runSuitesInProcess(ForkedBooter.java:115)
	at org.apache.maven.surefire.booter.ForkedBooter.main(ForkedBooter.java:75)

